#
# An unexpected error has been detected by Java Runtime Environment:
#
#  EXCEPTION_ACCESS_VIOLATION (0xc0000005) at pc=0x7692d7f1, pid=196, tid=6656
#
# Java VM: Java HotSpot(TM) Client VM (1.6.0-b105 mixed mode)
# Problematic frame:
# C  [ole32.dll+0x2d7f1]
#
# If you would like to submit a bug report, please visit:
#   http://java.sun.com/webapps/bugreport/crash.jsp
#

---------------  T H R E A D  ---------------

Current thread (0x166c6400):  JavaThread "AWT-EventQueue-0" [_thread_in_native, id=6656]

siginfo: ExceptionCode=0xc0000005, reading address 0x00000038

Registers:
EAX=0x000004ba, EBX=0x00000000, ECX=0x00000000, EDX=0x16e6e8b8
ESP=0x16eeec70, EBP=0x16eeec94, ESI=0x00000000, EDI=0x00000000
EIP=0x7692d7f1, EFLAGS=0x00210246

Top of Stack: (sp=0x16eeec70)
0x16eeec70:   00f10250 76a47758 7692d3a6 00000000
0x16eeec80:   1658c738 00000000 76a3d6ee 16566c20
0x16eeec90:   00f10250 16eeece0 7698e893 0bdfc954
0x16eeeca0:   16566c20 16566c20 00000000 16eeecc4
0x16eeecb0:   76311376 00000000 00000000 00001058
0x16eeecc0:   001f0001 00000000 16eeec9c 16eee814
0x16eeecd0:   16eeecfc 76966751 6ba9cce4 fffffffe
0x16eeece0:   00000000 78c6df2a 1658c738 00000001 

Instructions: (pc=0x7692d7f1)
0x7692d7e1:   f7 ff ff 90 90 90 90 90 8b ff 53 56 8b f1 33 db
0x7692d7f1:   f7 46 38 00 01 00 00 57 74 3f e8 36 50 ff ff 8b 


Stack: [0x16e70000,0x16ef0000),  sp=0x16eeec70,  free space=507k
Native frames: (J=compiled Java code, j=interpreted, Vv=VM code, C=native code)
C  [ole32.dll+0x2d7f1]
C  [ole32.dll+0x8e893]

Java frames: (J=compiled Java code, j=interpreted, Vv=VM code)
j  sun.awt.windows.WComponentPeer.addNativeDropTarget()J+0
j  sun.awt.windows.WComponentPeer.addDropTarget(Ljava/awt/dnd/DropTarget;)V+9
j  java.awt.dnd.DropTarget.addNotify(Ljava/awt/peer/ComponentPeer;)V+60
j  java.awt.Component.addNotify()V+297
j  java.awt.Container.addNotify()V+8
j  javax.swing.JComponent.addNotify()V+1
j  java.awt.Container.addNotify()V+56
j  java.awt.Panel.addNotify()V+27
j  java.awt.Container.addNotify()V+56
j  javax.swing.JComponent.addNotify()V+1
j  java.awt.Container.addNotify()V+56
j  java.awt.Panel.addNotify()V+27
j  com.mathworks.hg.peer.FigurePanel$2.addNotify()V+1
j  java.awt.Container.addNotify()V+56
j  javax.swing.JComponent.addNotify()V+1
j  java.awt.Container.addNotify()V+56
j  javax.swing.JComponent.addNotify()V+1
j  java.awt.Container.addNotify()V+56
j  javax.swing.JComponent.addNotify()V+1
j  java.awt.Container.addNotify()V+56
j  javax.swing.JComponent.addNotify()V+1
j  java.awt.Container.addNotify()V+56
j  javax.swing.JComponent.addNotify()V+1
j  java.awt.Container.addNotify()V+56
j  javax.swing.JComponent.addNotify()V+1
j  java.awt.Container.addNotify()V+56
j  javax.swing.JComponent.addNotify()V+1
j  java.awt.Container.addNotify()V+56
j  javax.swing.JComponent.addNotify()V+1
j  javax.swing.JRootPane.addNotify()V+5
j  java.awt.Container.addNotify()V+56
j  java.awt.Window.addNotify()V+55
j  java.awt.Frame.addNotify()V+70
j  com.mathworks.mwswing.MJFrame.addNotify()V+1
j  com.mathworks.mwswing.desk.DTFrame.addNotify()V+6
j  com.mathworks.hg.peer.FigureFrameProxy$FigureFrame.addNotify()V+1
j  java.awt.Window.show()V+8
j  com.mathworks.mwswing.MJFrame.show()V+23
j  java.awt.Component.show(Z)V+5
j  java.awt.Component.setVisible(Z)V+2
j  java.awt.Window.setVisible(Z)V+2
j  com.mathworks.mwswing.MJFrame.setVisible(Z)V+27
j  com.mathworks.mwswing.desk.DTSingleClientFrame.setVisible(Z)V+34
j  com.mathworks.mwswing.desk.Desktop.setClientShowing(Lcom/mathworks/mwswing/desk/DTClient;ZLcom/mathworks/mwswing/desk/DTLocation;ZZ)V+1013
j  com.mathworks.mwswing.desk.Desktop.showClientHelper(Ljava/awt/Component;Lcom/mathworks/mwswing/desk/DTLocation;ZZ)V+49
j  com.mathworks.mwswing.desk.Desktop.showClient(Ljava/awt/Component;Lcom/mathworks/mwswing/desk/DTLocation;Z)V+13
j  com.mathworks.mde.desk.MLDesktop.showClient(Ljava/awt/Component;Lcom/mathworks/mwswing/desk/DTLocation;Z)V+31
j  com.mathworks.hg.peer.FigureClientProxy.showClient(Lcom/mathworks/mwswing/desk/DTLocation;)V+33
j  com.mathworks.hg.peer.FigureClientProxy.showClient(Z)V+19
j  com.mathworks.hg.peer.FigureMediator.showClient(Z)V+22
j  com.mathworks.hg.peer.FigurePeer.show()V+83
j  com.mathworks.hg.peer.FigurePeer.doSetFigureVisible(ZZ)V+77
j  com.mathworks.hg.peer.FigurePeer$23.run()V+12
j  com.mathworks.hg.util.HGPeerQueue$HGPeerRunnablesRunner.runit(Z[I)V+205
j  com.mathworks.hg.util.HGPeerQueue$HGPeerRunnablesRunner.runThese(I)V+9
j  com.mathworks.hg.util.HGPeerQueue$HGPeerRunnablesRunner.run()V+68
J  java.awt.event.InvocationEvent.dispatch()V
J  java.awt.EventQueue.dispatchEvent(Ljava/awt/AWTEvent;)V
J  java.awt.EventDispatchThread.pumpOneEventForFilters(I)Z
j  java.awt.EventDispatchThread.pumpEventsForFilter(ILjava/awt/Conditional;Ljava/awt/EventFilter;)V+30
j  java.awt.EventDispatchThread.pumpEventsForHierarchy(ILjava/awt/Conditional;Ljava/awt/Component;)V+11
j  java.awt.EventDispatchThread.pumpEvents(ILjava/awt/Conditional;)V+4
j  java.awt.EventDispatchThread.pumpEvents(Ljava/awt/Conditional;)V+3
j  java.awt.EventDispatchThread.run()V+9
v  ~StubRoutines::call_stub

---------------  P R O C E S S  ---------------

Java Threads: ( => current thread )
  0x16718c00 JavaThread "Thread-29" [_thread_in_native, id=6368]
  0x1671bc00 JavaThread "Image Fetcher 0" daemon [_thread_blocked, id=6644]
  0x1671b000 JavaThread "Timer-7" [_thread_blocked, id=2396]
  0x1671b400 JavaThread "Thread-19" [_thread_blocked, id=4952]
  0x1671a400 JavaThread "Thread-18" [_thread_blocked, id=6512]
  0x16719800 JavaThread "Active Reference Queue Daemon" daemon [_thread_blocked, id=4296]
  0x1671a000 JavaThread "Timer-4" daemon [_thread_blocked, id=4788]
  0x16719400 JavaThread "Prefs Updater" [_thread_blocked, id=5056]
  0x16718800 JavaThread "Timer-2" daemon [_thread_blocked, id=6576]
  0x16718000 JavaThread "TimerQueue" daemon [_thread_blocked, id=5332]
=>0x166c6400 JavaThread "AWT-EventQueue-0" [_thread_in_native, id=6656]
  0x16615000 JavaThread "AWT-Windows" daemon [_thread_in_native, id=1768]
  0x162ce400 JavaThread "AWT-Shutdown" [_thread_blocked, id=3888]
  0x162ce000 JavaThread "Java2D Disposer" daemon [_thread_blocked, id=2000]
  0x063dfc00 JavaThread "Timer-0" [_thread_blocked, id=2060]
  0x06392000 JavaThread "Low Memory Detector" daemon [_thread_blocked, id=6856]
  0x0638dc00 JavaThread "CompilerThread0" daemon [_thread_blocked, id=2648]
  0x0638cc00 JavaThread "Attach Listener" daemon [_thread_blocked, id=5732]
  0x0638c800 JavaThread "Signal Dispatcher" daemon [_thread_blocked, id=5464]
  0x06377400 JavaThread "Finalizer" daemon [_thread_blocked, id=4536]
  0x0636ec00 JavaThread "Reference Handler" daemon [_thread_blocked, id=6188]
  0x062f1800 JavaThread "main" [_thread_in_native, id=3324]

Other Threads:
  0x0636b400 VMThread [id=1232]
  0x0639d800 WatcherThread [id=5940]

VM state:not at safepoint (normal execution)

VM Mutex/Monitor currently owned by a thread: None

Heap
 def new generation   total 14784K, used 10117K [0x083e0000, 0x093e0000, 0x0a3e0000)
  eden space 13184K,  71% used [0x083e0000, 0x08d225b8, 0x090c0000)
  from space 1600K,  39% used [0x090c0000, 0x0915ef10, 0x09250000)
  to   space 1600K,   0% used [0x09250000, 0x09250000, 0x093e0000)
 tenured generation   total 49152K, used 17640K [0x0a3e0000, 0x0d3e0000, 0x103e0000)
   the space 49152K,  35% used [0x0a3e0000, 0x0b51a2f8, 0x0b51a400, 0x0d3e0000)
 compacting perm gen  total 32768K, used 26561K [0x103e0000, 0x123e0000, 0x143e0000)
   the space 32768K,  81% used [0x103e0000, 0x11dd0690, 0x11dd0800, 0x123e0000)
No shared spaces configured.

Dynamic libraries:
0x00400000 - 0x004eb000 	C:\Program Files (x86)\MATLAB\R2007b\bin\win32\MATLAB.exe
0x773b0000 - 0x77530000 	C:\Windows\SysWOW64\ntdll.dll
0x76730000 - 0x76840000 	C:\Windows\syswow64\kernel32.dll
0x76300000 - 0x76347000 	C:\Windows\syswow64\KERNELBASE.dll
0x7aca0000 - 0x7aeba000 	C:\Program Files (x86)\MATLAB\R2007b\bin\win32\libmwservices.dll
0x7aec0000 - 0x7af1d000 	C:\Program Files (x86)\MATLAB\R2007b\bin\win32\libmwmathutil.dll
0x7ac50000 - 0x7ac9f000 	C:\Program Files (x86)\MATLAB\R2007b\bin\win32\libmx.dll
0x7ab80000 - 0x7ac4e000 	C:\Program Files (x86)\MATLAB\R2007b\bin\win32\libut.dll
0x76f20000 - 0x76f4b000 	C:\Windows\syswow64\imagehlp.dll
0x76e70000 - 0x76f1c000 	C:\Windows\syswow64\msvcrt.dll
0x76c70000 - 0x76d10000 	C:\Windows\syswow64\ADVAPI32.dll
0x76840000 - 0x76859000 	C:\Windows\SysWOW64\sechost.dll
0x76360000 - 0x76450000 	C:\Windows\syswow64\RPCRT4.dll
0x74de0000 - 0x74e40000 	C:\Windows\syswow64\SspiCli.dll
0x74dd0000 - 0x74ddc000 	C:\Windows\syswow64\CRYPTBASE.dll
0x74ee0000 - 0x74ee5000 	C:\Windows\syswow64\PSAPI.DLL
0x789a0000 - 0x78b62000 	C:\Program Files (x86)\MATLAB\R2007b\bin\win32\xerces-c_2_7.dll
0x7af20000 - 0x7aff7000 	C:\Program Files (x86)\MATLAB\R2007b\bin\win32\icuuc36.dll
0x7a770000 - 0x7a774000 	C:\Program Files (x86)\MATLAB\R2007b\bin\win32\icudt36.dll
0x679b0000 - 0x67a4b000 	C:\Windows\WinSxS\x86_microsoft.vc80.crt_1fc8b3b9a1e18e3b_8.0.50727.5592_none_d09196c24426e2d4\MSVCR80.dll
0x76470000 - 0x764a5000 	C:\Windows\syswow64\WS2_32.dll
0x77380000 - 0x77386000 	C:\Windows\syswow64\NSI.dll
0x7a9e0000 - 0x7aaa2000 	C:\Program Files (x86)\MATLAB\R2007b\bin\win32\icuin36.dll
0x7a780000 - 0x7a78c000 	C:\Program Files (x86)\MATLAB\R2007b\bin\win32\icuio36.dll
0x67920000 - 0x679a7000 	C:\Windows\WinSxS\x86_microsoft.vc80.crt_1fc8b3b9a1e18e3b_8.0.50727.5592_none_d09196c24426e2d4\MSVCP80.dll
0x75c30000 - 0x75d30000 	C:\Windows\syswow64\USER32.dll
0x76250000 - 0x762e0000 	C:\Windows\syswow64\GDI32.dll
0x75d40000 - 0x75d4a000 	C:\Windows\syswow64\LPK.dll
0x74e40000 - 0x74edd000 	C:\Windows\syswow64\USP10.dll
0x78620000 - 0x78632000 	C:\Program Files (x86)\MATLAB\R2007b\bin\win32\zlib1.dll
0x79120000 - 0x79154000 	C:\Program Files (x86)\MATLAB\R2007b\bin\win32\mpath.dll
0x71e50000 - 0x71ed4000 	C:\Windows\WinSxS\x86_microsoft.windows.common-controls_6595b64144ccf1df_5.82.7601.18201_none_ec80f00e8593ece5\COMCTL32.dll
0x74ef0000 - 0x74f6b000 	C:\Windows\syswow64\comdlg32.dll
0x74f80000 - 0x74fd7000 	C:\Windows\syswow64\SHLWAPI.dll
0x74fe0000 - 0x75c2b000 	C:\Windows\syswow64\SHELL32.dll
0x73ec0000 - 0x73ed1000 	C:\Windows\system32\NETAPI32.dll
0x73eb0000 - 0x73eb9000 	C:\Windows\system32\netutils.dll
0x73e90000 - 0x73ea9000 	C:\Windows\system32\srvcli.dll
0x73e80000 - 0x73e8f000 	C:\Windows\system32\wkscli.dll
0x796e0000 - 0x79713000 	C:\Program Files (x86)\MATLAB\R2007b\bin\win32\mcr.dll
0x78500000 - 0x78518000 	C:\Program Files (x86)\MATLAB\R2007b\bin\win32\bridge.dll
0x7a790000 - 0x7a79d000 	C:\Program Files (x86)\MATLAB\R2007b\bin\win32\iqm.dll
0x7a7b0000 - 0x7a7be000 	C:\Program Files (x86)\MATLAB\R2007b\bin\win32\libmex.dll
0x79550000 - 0x795a4000 	C:\Program Files (x86)\MATLAB\R2007b\bin\win32\m_dispatcher.dll
0x78520000 - 0x7853c000 	C:\Program Files (x86)\MATLAB\R2007b\bin\win32\datasvcs.dll
0x79c60000 - 0x7a0f2000 	C:\Program Files (x86)\MATLAB\R2007b\bin\win32\m_interpreter.dll
0x78540000 - 0x78560000 	C:\Program Files (x86)\MATLAB\R2007b\bin\win32\libmat.dll
0x7aab0000 - 0x7ab78000 	C:\Program Files (x86)\MATLAB\R2007b\bin\win32\libhdf5.dll
0x7a810000 - 0x7a819000 	C:\Program Files (x86)\MATLAB\R2007b\bin\win32\libmwmathrng.dll
0x790e0000 - 0x79111000 	C:\Program Files (x86)\MATLAB\R2007b\bin\win32\m_ir.dll
0x79790000 - 0x79c58000 	C:\Program Files (x86)\MATLAB\R2007b\bin\win32\m_parser.dll
0x7a7a0000 - 0x7a7ac000 	C:\Program Files (x86)\MATLAB\R2007b\bin\win32\ir_xfmr.dll
0x782e0000 - 0x783df000 	C:\Program Files (x86)\MATLAB\R2007b\bin\win32\mcos.dll
0x7a840000 - 0x7a84a000 	C:\Program Files (x86)\MATLAB\R2007b\bin\win32\mtok.dll
0x78580000 - 0x78595000 	C:\Program Files (x86)\MATLAB\R2007b\bin\win32\m_pcodegen.dll
0x785a0000 - 0x785b2000 	C:\Program Files (x86)\MATLAB\R2007b\bin\win32\m_pcodeio.dll
0x79460000 - 0x794a7000 	C:\Program Files (x86)\MATLAB\R2007b\bin\win32\profiler.dll
0x7a760000 - 0x7a76d000 	C:\Program Files (x86)\MATLAB\R2007b\bin\win32\boost_thread-vc80-mt-1_33_1.dll
0x7a640000 - 0x7a6c8000 	C:\Program Files (x86)\MATLAB\R2007b\bin\win32\udd.dll
0x79410000 - 0x79458000 	C:\Program Files (x86)\MATLAB\R2007b\bin\win32\comcli.dll
0x79020000 - 0x79055000 	C:\Program Files (x86)\MATLAB\R2007b\bin\win32\jmi.dll
0x72d90000 - 0x72d97000 	C:\Windows\system32\WSOCK32.dll
0x7a6d0000 - 0x7a75b000 	C:\Program Files (x86)\MATLAB\R2007b\bin\win32\uiw.dll
0x7b000000 - 0x7b0d6000 	C:\Program Files (x86)\MATLAB\R2007b\bin\win32\libmwgui.dll
0x78d40000 - 0x78d6a000 	C:\Program Files (x86)\MATLAB\R2007b\bin\win32\libmwhardcopy.dll
0x790a0000 - 0x790d2000 	C:\Program Files (x86)\MATLAB\R2007b\bin\win32\libuij.dll
0x7a880000 - 0x7a889000 	C:\Program Files (x86)\MATLAB\R2007b\bin\win32\uinone.dll
0x67810000 - 0x6791f000 	C:\Windows\WinSxS\x86_microsoft.vc80.mfc_1fc8b3b9a1e18e3b_8.0.50727.5592_none_cbf62b764709d1c9\MFC80.DLL
0x73680000 - 0x736d1000 	C:\Windows\system32\WINSPOOL.DRV
0x76900000 - 0x76a5c000 	C:\Windows\syswow64\ole32.dll
0x76d10000 - 0x76d9f000 	C:\Windows\syswow64\OLEAUT32.dll
0x69310000 - 0x6932b000 	C:\Windows\WinSxS\x86_microsoft.vc80.atl_1fc8b3b9a1e18e3b_8.0.50727.5592_none_d1cb520e4353d918\ATL80.DLL
0x78680000 - 0x787e8000 	C:\Program Files (x86)\MATLAB\R2007b\bin\win32\hg.dll
0x787f0000 - 0x7899e000 	C:\Program Files (x86)\MATLAB\R2007b\bin\win32\numerics.dll
0x7a7c0000 - 0x7a7c7000 	C:\Program Files (x86)\MATLAB\R2007b\bin\win32\libmwamd.dll
0x794b0000 - 0x79508000 	C:\Program Files (x86)\MATLAB\R2007b\bin\win32\libmwcholmod.dll
0x7a7f0000 - 0x7a7f7000 	C:\Program Files (x86)\MATLAB\R2007b\bin\win32\libmwcolamd.dll
0x78560000 - 0x7857a000 	C:\Program Files (x86)\MATLAB\R2007b\bin\win32\libmwlapack.dll
0x7a7d0000 - 0x7a7dc000 	C:\Program Files (x86)\MATLAB\R2007b\bin\win32\libmwbinder.dll
0x7a7e0000 - 0x7a7e9000 	C:\Program Files (x86)\MATLAB\R2007b\bin\win32\libmwblas.dll
0x7a800000 - 0x7a807000 	C:\Program Files (x86)\MATLAB\R2007b\bin\win32\libmwcsparse.dll
0x78d70000 - 0x78d96000 	C:\Program Files (x86)\MATLAB\R2007b\bin\win32\libmwma57.dll
0x7a930000 - 0x7a9d9000 	C:\Program Files (x86)\MATLAB\R2007b\bin\win32\libifcoremd.dll
0x79160000 - 0x7940c000 	C:\Program Files (x86)\MATLAB\R2007b\bin\win32\libmmd.dll
0x79670000 - 0x796dc000 	C:\Program Files (x86)\MATLAB\R2007b\bin\win32\libmwumfpack.dll
0x7a5b0000 - 0x7a638000 	C:\Program Files (x86)\MATLAB\R2007b\bin\win32\libfftw3.dll
0x7a890000 - 0x7a92c000 	C:\Program Files (x86)\MATLAB\R2007b\bin\win32\libfftw3f.dll
0x7a830000 - 0x7a83b000 	C:\Program Files (x86)\MATLAB\R2007b\bin\win32\mlautoregister.dll
0x785c0000 - 0x785d2000 	C:\Program Files (x86)\MATLAB\R2007b\bin\win32\mwoles05.DLL
0x79720000 - 0x79785000 	C:\Program Files (x86)\MATLAB\R2007b\bin\win32\udd_mi.dll
0x71dc0000 - 0x71e0c000 	C:\Windows\system32\apphelp.dll
0x66a40000 - 0x66c58000 	C:\Windows\AppPatch\AcGenral.DLL
0x71cf0000 - 0x71d70000 	C:\Windows\system32\UxTheme.dll
0x736e0000 - 0x73712000 	C:\Windows\system32\WINMM.dll
0x73a00000 - 0x73a0f000 	C:\Windows\system32\samcli.dll
0x69010000 - 0x69024000 	C:\Windows\system32\MSACM32.dll
0x73d30000 - 0x73d39000 	C:\Windows\system32\VERSION.dll
0x69000000 - 0x69003000 	C:\Windows\system32\sfc.dll
0x69300000 - 0x6930d000 	C:\Windows\system32\sfc_os.DLL
0x74990000 - 0x749a7000 	C:\Windows\system32\USERENV.dll
0x74980000 - 0x7498b000 	C:\Windows\system32\profapi.dll
0x71cc0000 - 0x71cd3000 	C:\Windows\system32\dwmapi.dll
0x75f90000 - 0x7612d000 	C:\Windows\syswow64\SETUPAPI.dll
0x76670000 - 0x76697000 	C:\Windows\syswow64\CFGMGR32.dll
0x762e0000 - 0x762f2000 	C:\Windows\syswow64\DEVOBJ.dll
0x76a60000 - 0x76b82000 	C:\Windows\syswow64\urlmon.dll
0x768f0000 - 0x768f4000 	C:\Windows\syswow64\api-ms-win-downlevel-ole32-l1-1-0.dll
0x75d30000 - 0x75d34000 	C:\Windows\syswow64\api-ms-win-downlevel-shlwapi-l1-1-0.dll
0x76350000 - 0x76355000 	C:\Windows\syswow64\api-ms-win-downlevel-advapi32-l1-1-0.dll
0x75d50000 - 0x75d54000 	C:\Windows\syswow64\api-ms-win-downlevel-user32-l1-1-0.dll
0x74f70000 - 0x74f74000 	C:\Windows\syswow64\api-ms-win-downlevel-version-l1-1-0.dll
0x75d60000 - 0x75d63000 	C:\Windows\syswow64\api-ms-win-downlevel-normaliz-l1-1-0.dll
0x76450000 - 0x76453000 	C:\Windows\syswow64\normaliz.DLL
0x75d70000 - 0x75f89000 	C:\Windows\syswow64\iertutil.dll
0x764b0000 - 0x7666d000 	C:\Windows\syswow64\WININET.dll
0x68e10000 - 0x68e22000 	C:\Windows\system32\MPR.dll
0x66f80000 - 0x6700d000 	C:\Windows\AppPatch\AcLayers.DLL
0x76f50000 - 0x76fb0000 	C:\Windows\system32\IMM32.DLL
0x76da0000 - 0x76e6c000 	C:\Windows\syswow64\MSCTF.dll
0x74930000 - 0x74976000 	C:\PROGRA~2\Sophos\SOPHOS~1\SOPHOS~1.DLL
0x7a100000 - 0x7a5b0000 	C:\Program Files (x86)\MATLAB\R2007b\bin\win32\mllapack.dll
0x7b3f0000 - 0x7bcc7000 	C:\Program Files (x86)\MATLAB\R2007b\bin\win32\mkl.dll
0x79060000 - 0x79095000 	C:\Program Files (x86)\MATLAB\R2007b\bin\win32\libguide40.dll
0x7b0e0000 - 0x7b0e5000 	C:\Program Files (x86)\MATLAB\R2007b\bin\win32\mklcompat.dll
0x68ff0000 - 0x68ff3000 	C:\Windows\system32\icmp.Dll
0x73e60000 - 0x73e7c000 	C:\Windows\system32\iphlpapi.DLL
0x73e50000 - 0x73e57000 	C:\Windows\system32\WINNSI.DLL
0x78dd0000 - 0x79017000 	C:\Program Files (x86)\MATLAB\R2007b\sys\java\jre\win32\jre1.6.0\bin\client\jvm.dll

VM Arguments:
jvm_args: -Xss512k -XX:PermSize=32M -Xms64m -XX:NewRatio=3 -XX:MaxPermSize=64M -Xmx128m -XX:MaxDirectMemorySize=1200000000 -Dsun.java2d.noddraw=true -Dsun.awt.nopixfmt=true -Xshare:off -Djava.library.path=C:\Program Files (x86)\MATLAB\R2007b\bin\win32 vfprintf abort
java_command: <unknown>
Launcher Type: generic

Environment Variables:
PATH=\\68.181.114.49\hires_lab\software\matlab software\old matlab installs\matlab r2007b-install\bin\win32;C:\Windows\system32;C:\Windows;C:\Windows\System32\Wbem;C:\Windows\System32\WindowsPowerShell\v1.0\;C:\Program Files (x86)\Novell\ZENworks\bin;C:\Program Files\MATLAB\R2013a\bin;C:\Program Files\WhiskerTracking\bin
USERNAME=shires
OS=Windows_NT
PROCESSOR_IDENTIFIER=Intel64 Family 6 Model 15 Stepping 11, GenuineIntel



---------------  S Y S T E M  ---------------

OS: Windows NT 6.1 Build 7601 Service Pack 1

CPU:total 2 family 6, cmov, cx8, fxsr, mmx, sse, sse2

Memory: 4k page, physical 3406004k(906480k free), swap 4194303k(3231724k free)

vm_info: Java HotSpot(TM) Client VM (1.6.0-b105) for windows-x86, built on Nov 29 2006 00:48:48 by "java_re" with unknown MS VC++:1310

